<?xml version="1.0" encoding="UTF-8"?>
<testsuite name="com.emse.spring.automacorp.dao.RoomDaoTest" tests="1" skipped="0" failures="0" errors="0" timestamp="2024-06-05T14:53:24" hostname="HONOR_CELINE" time="0.02">
  <properties/>
  <testcase name="shouldFindARoomById()" classname="com.emse.spring.automacorp.dao.RoomDaoTest" time="0.02"/>
  <system-out><![CDATA[2024-06-05T16:53:24.555+02:00  INFO 12200 --- [    Test worker] t.c.s.AnnotationConfigContextLoaderUtils : Could not detect default configuration classes for test class [com.emse.spring.automacorp.dao.RoomDaoTest]: RoomDaoTest does not declare any static, non-private, non-final, nested classes annotated with @Configuration.
2024-06-05T16:53:24.569+02:00  INFO 12200 --- [    Test worker] .b.t.c.SpringBootTestContextBootstrapper : Found @SpringBootConfiguration com.emse.spring.automacorp.AutomacorpApplication for test class com.emse.spring.automacorp.dao.RoomDaoTest
Hibernate: select re1_0.id,re1_0.building_id,b1_0.id,b1_0.name,ot1_0.id,ot1_0.name,ot1_0.sensor_type,ot1_0.sensor_value,ct1_0.id,ct1_0.name,ct1_0.sensor_type,ct1_0.sensor_value,re1_0.floor,h1_0.room_id,h1_0.id,h1_0.heater_status_id,hs1_0.id,hs1_0.name,hs1_0.sensor_type,hs1_0.sensor_value,h1_0.name,h1_0.power,re1_0.name,re1_0.target_temperature,w1_0.room_id,w1_0.id,w1_0.name,w1_0.window_status_id,ws1_0.id,ws1_0.name,ws1_0.sensor_type,ws1_0.sensor_value from sp_room re1_0 join sp_building b1_0 on b1_0.id=re1_0.building_id left join sp_sensor ot1_0 on ot1_0.id=b1_0.outside_temperature_id left join sp_sensor ct1_0 on ct1_0.id=re1_0.current_temperature_id left join sp_heater h1_0 on re1_0.id=h1_0.room_id left join sp_sensor hs1_0 on hs1_0.id=h1_0.heater_status_id left join sp_window w1_0 on re1_0.id=w1_0.room_id left join sp_sensor ws1_0 on ws1_0.id=w1_0.window_status_id where re1_0.id=?
Hibernate: select r1_0.building_id,r1_0.id,ct1_0.id,ct1_0.name,ct1_0.sensor_type,ct1_0.sensor_value,r1_0.floor,h1_0.room_id,h1_0.id,h1_0.heater_status_id,hs1_0.id,hs1_0.name,hs1_0.sensor_type,hs1_0.sensor_value,h1_0.name,h1_0.power,r1_0.name,r1_0.target_temperature,w1_0.room_id,w1_0.id,w1_0.name,w1_0.window_status_id,ws1_0.id,ws1_0.name,ws1_0.sensor_type,ws1_0.sensor_value from sp_room r1_0 left join sp_sensor ct1_0 on ct1_0.id=r1_0.current_temperature_id left join sp_heater h1_0 on r1_0.id=h1_0.room_id left join sp_sensor hs1_0 on hs1_0.id=h1_0.heater_status_id left join sp_window w1_0 on r1_0.id=w1_0.room_id left join sp_sensor ws1_0 on ws1_0.id=w1_0.window_status_id where r1_0.building_id=?
]]></system-out>
  <system-err><![CDATA[]]></system-err>
</testsuite>
