<?xml version="1.0" encoding="UTF-8"?>
<testsuite name="com.emse.spring.automacorp.dao.HeaterDaoTest" tests="4" skipped="0" failures="0" errors="0" timestamp="2024-06-05T14:53:24" hostname="HONOR_CELINE" time="0.414">
  <properties/>
  <testcase name="shouldDeleteHeatersRoom()" classname="com.emse.spring.automacorp.dao.HeaterDaoTest" time="0.234"/>
  <testcase name="shouldFindAHeaterById()" classname="com.emse.spring.automacorp.dao.HeaterDaoTest" time="0.043"/>
  <testcase name="shouldOpenHeatersInThisRoom()" classname="com.emse.spring.automacorp.dao.HeaterDaoTest" time="0.086"/>
  <testcase name="shouldCloseHeatersInThisRoom()" classname="com.emse.spring.automacorp.dao.HeaterDaoTest" time="0.044"/>
  <system-out><![CDATA[2024-06-05T16:53:24.111+02:00  INFO 12200 --- [    Test worker] t.c.s.AnnotationConfigContextLoaderUtils : Could not detect default configuration classes for test class [com.emse.spring.automacorp.dao.HeaterDaoTest]: HeaterDaoTest does not declare any static, non-private, non-final, nested classes annotated with @Configuration.
2024-06-05T16:53:24.128+02:00  INFO 12200 --- [    Test worker] .b.t.c.SpringBootTestContextBootstrapper : Found @SpringBootConfiguration com.emse.spring.automacorp.AutomacorpApplication for test class com.emse.spring.automacorp.dao.HeaterDaoTest
Hibernate: select re1_0.id,re1_0.building_id,b1_0.id,b1_0.name,ot1_0.id,ot1_0.name,ot1_0.sensor_type,ot1_0.sensor_value,ct1_0.id,ct1_0.name,ct1_0.sensor_type,ct1_0.sensor_value,re1_0.floor,h1_0.room_id,h1_0.id,h1_0.heater_status_id,hs1_0.id,hs1_0.name,hs1_0.sensor_type,hs1_0.sensor_value,h1_0.name,h1_0.power,re1_0.name,re1_0.target_temperature,w1_0.room_id,w1_0.id,w1_0.name,w1_0.window_status_id,ws1_0.id,ws1_0.name,ws1_0.sensor_type,ws1_0.sensor_value from sp_room re1_0 join sp_building b1_0 on b1_0.id=re1_0.building_id left join sp_sensor ot1_0 on ot1_0.id=b1_0.outside_temperature_id left join sp_sensor ct1_0 on ct1_0.id=re1_0.current_temperature_id left join sp_heater h1_0 on re1_0.id=h1_0.room_id left join sp_sensor hs1_0 on hs1_0.id=h1_0.heater_status_id left join sp_window w1_0 on re1_0.id=w1_0.room_id left join sp_sensor ws1_0 on ws1_0.id=w1_0.window_status_id where re1_0.id=?
Hibernate: select r1_0.building_id,r1_0.id,ct1_0.id,ct1_0.name,ct1_0.sensor_type,ct1_0.sensor_value,r1_0.floor,h1_0.room_id,h1_0.id,h1_0.heater_status_id,hs1_0.id,hs1_0.name,hs1_0.sensor_type,hs1_0.sensor_value,h1_0.name,h1_0.power,r1_0.name,r1_0.target_temperature,w1_0.room_id,w1_0.id,w1_0.name,w1_0.window_status_id,ws1_0.id,ws1_0.name,ws1_0.sensor_type,ws1_0.sensor_value from sp_room r1_0 left join sp_sensor ct1_0 on ct1_0.id=r1_0.current_temperature_id left join sp_heater h1_0 on r1_0.id=h1_0.room_id left join sp_sensor hs1_0 on hs1_0.id=h1_0.heater_status_id left join sp_window w1_0 on r1_0.id=w1_0.room_id left join sp_sensor ws1_0 on ws1_0.id=w1_0.window_status_id where r1_0.building_id=?
Hibernate: delete from sp_heater where room_id=?
Hibernate: select he1_0.id,he1_0.heater_status_id,he1_0.name,he1_0.power,he1_0.room_id from sp_heater he1_0 where he1_0.id in (?)
Hibernate: select he1_0.id,he1_0.heater_status_id,hs1_0.id,hs1_0.name,hs1_0.sensor_type,hs1_0.sensor_value,he1_0.name,he1_0.power,he1_0.room_id,r1_0.id,r1_0.building_id,b1_0.id,b1_0.name,ot1_0.id,ot1_0.name,ot1_0.sensor_type,ot1_0.sensor_value,ct1_0.id,ct1_0.name,ct1_0.sensor_type,ct1_0.sensor_value,r1_0.floor,r1_0.name,r1_0.target_temperature,w1_0.room_id,w1_0.id,w1_0.name,w1_0.window_status_id,ws1_0.id,ws1_0.name,ws1_0.sensor_type,ws1_0.sensor_value from sp_heater he1_0 join sp_sensor hs1_0 on hs1_0.id=he1_0.heater_status_id join sp_room r1_0 on r1_0.id=he1_0.room_id left join sp_building b1_0 on b1_0.id=r1_0.building_id left join sp_sensor ot1_0 on ot1_0.id=b1_0.outside_temperature_id left join sp_sensor ct1_0 on ct1_0.id=r1_0.current_temperature_id left join sp_window w1_0 on r1_0.id=w1_0.room_id left join sp_sensor ws1_0 on ws1_0.id=w1_0.window_status_id where he1_0.id=?
Hibernate: select h1_0.room_id,h1_0.id,h1_0.heater_status_id,hs1_0.id,hs1_0.name,hs1_0.sensor_type,hs1_0.sensor_value,h1_0.name,h1_0.power from sp_heater h1_0 left join sp_sensor hs1_0 on hs1_0.id=h1_0.heater_status_id where h1_0.room_id=?
Hibernate: select r1_0.building_id,r1_0.id,ct1_0.id,ct1_0.name,ct1_0.sensor_type,ct1_0.sensor_value,r1_0.floor,h1_0.room_id,h1_0.id,h1_0.heater_status_id,hs1_0.id,hs1_0.name,hs1_0.sensor_type,hs1_0.sensor_value,h1_0.name,h1_0.power,r1_0.name,r1_0.target_temperature,w1_0.room_id,w1_0.id,w1_0.name,w1_0.window_status_id,ws1_0.id,ws1_0.name,ws1_0.sensor_type,ws1_0.sensor_value from sp_room r1_0 left join sp_sensor ct1_0 on ct1_0.id=r1_0.current_temperature_id left join sp_heater h1_0 on r1_0.id=h1_0.room_id left join sp_sensor hs1_0 on hs1_0.id=h1_0.heater_status_id left join sp_window w1_0 on r1_0.id=w1_0.room_id left join sp_sensor ws1_0 on ws1_0.id=w1_0.window_status_id where r1_0.building_id=?
Hibernate: select re1_0.id,re1_0.building_id,b1_0.id,b1_0.name,ot1_0.id,ot1_0.name,ot1_0.sensor_type,ot1_0.sensor_value,ct1_0.id,ct1_0.name,ct1_0.sensor_type,ct1_0.sensor_value,re1_0.floor,h1_0.room_id,h1_0.id,h1_0.heater_status_id,hs1_0.id,hs1_0.name,hs1_0.sensor_type,hs1_0.sensor_value,h1_0.name,h1_0.power,re1_0.name,re1_0.target_temperature,w1_0.room_id,w1_0.id,w1_0.name,w1_0.window_status_id,ws1_0.id,ws1_0.name,ws1_0.sensor_type,ws1_0.sensor_value from sp_room re1_0 join sp_building b1_0 on b1_0.id=re1_0.building_id left join sp_sensor ot1_0 on ot1_0.id=b1_0.outside_temperature_id left join sp_sensor ct1_0 on ct1_0.id=re1_0.current_temperature_id left join sp_heater h1_0 on re1_0.id=h1_0.room_id left join sp_sensor hs1_0 on hs1_0.id=h1_0.heater_status_id left join sp_window w1_0 on re1_0.id=w1_0.room_id left join sp_sensor ws1_0 on ws1_0.id=w1_0.window_status_id where re1_0.id=?
Hibernate: select r1_0.building_id,r1_0.id,ct1_0.id,ct1_0.name,ct1_0.sensor_type,ct1_0.sensor_value,r1_0.floor,h1_0.room_id,h1_0.id,h1_0.heater_status_id,hs1_0.id,hs1_0.name,hs1_0.sensor_type,hs1_0.sensor_value,h1_0.name,h1_0.power,r1_0.name,r1_0.target_temperature,w1_0.room_id,w1_0.id,w1_0.name,w1_0.window_status_id,ws1_0.id,ws1_0.name,ws1_0.sensor_type,ws1_0.sensor_value from sp_room r1_0 left join sp_sensor ct1_0 on ct1_0.id=r1_0.current_temperature_id left join sp_heater h1_0 on r1_0.id=h1_0.room_id left join sp_sensor hs1_0 on hs1_0.id=h1_0.heater_status_id left join sp_window w1_0 on r1_0.id=w1_0.room_id left join sp_sensor ws1_0 on ws1_0.id=w1_0.window_status_id where r1_0.building_id=?
Hibernate: update sp_sensor set sensor_value=? where id in (select he1_0.heater_status_id from sp_heater he1_0 where he1_0.room_id=?)
Hibernate: select he1_0.id,he1_0.heater_status_id,he1_0.name,he1_0.power,he1_0.room_id from sp_heater he1_0 where he1_0.id in (?)
Hibernate: select se1_0.id,se1_0.name,se1_0.sensor_type,se1_0.sensor_value from sp_sensor se1_0 where se1_0.id=?
Hibernate: select re1_0.id,re1_0.building_id,b1_0.id,b1_0.name,ot1_0.id,ot1_0.name,ot1_0.sensor_type,ot1_0.sensor_value,ct1_0.id,ct1_0.name,ct1_0.sensor_type,ct1_0.sensor_value,re1_0.floor,h1_0.room_id,h1_0.id,h1_0.heater_status_id,hs1_0.id,hs1_0.name,hs1_0.sensor_type,hs1_0.sensor_value,h1_0.name,h1_0.power,re1_0.name,re1_0.target_temperature,w1_0.room_id,w1_0.id,w1_0.name,w1_0.window_status_id,ws1_0.id,ws1_0.name,ws1_0.sensor_type,ws1_0.sensor_value from sp_room re1_0 join sp_building b1_0 on b1_0.id=re1_0.building_id left join sp_sensor ot1_0 on ot1_0.id=b1_0.outside_temperature_id left join sp_sensor ct1_0 on ct1_0.id=re1_0.current_temperature_id left join sp_heater h1_0 on re1_0.id=h1_0.room_id left join sp_sensor hs1_0 on hs1_0.id=h1_0.heater_status_id left join sp_window w1_0 on re1_0.id=w1_0.room_id left join sp_sensor ws1_0 on ws1_0.id=w1_0.window_status_id where re1_0.id=?
Hibernate: select r1_0.building_id,r1_0.id,ct1_0.id,ct1_0.name,ct1_0.sensor_type,ct1_0.sensor_value,r1_0.floor,h1_0.room_id,h1_0.id,h1_0.heater_status_id,hs1_0.id,hs1_0.name,hs1_0.sensor_type,hs1_0.sensor_value,h1_0.name,h1_0.power,r1_0.name,r1_0.target_temperature,w1_0.room_id,w1_0.id,w1_0.name,w1_0.window_status_id,ws1_0.id,ws1_0.name,ws1_0.sensor_type,ws1_0.sensor_value from sp_room r1_0 left join sp_sensor ct1_0 on ct1_0.id=r1_0.current_temperature_id left join sp_heater h1_0 on r1_0.id=h1_0.room_id left join sp_sensor hs1_0 on hs1_0.id=h1_0.heater_status_id left join sp_window w1_0 on r1_0.id=w1_0.room_id left join sp_sensor ws1_0 on ws1_0.id=w1_0.window_status_id where r1_0.building_id=?
Hibernate: select re1_0.id,re1_0.building_id,b1_0.id,b1_0.name,ot1_0.id,ot1_0.name,ot1_0.sensor_type,ot1_0.sensor_value,ct1_0.id,ct1_0.name,ct1_0.sensor_type,ct1_0.sensor_value,re1_0.floor,h1_0.room_id,h1_0.id,h1_0.heater_status_id,hs1_0.id,hs1_0.name,hs1_0.sensor_type,hs1_0.sensor_value,h1_0.name,h1_0.power,re1_0.name,re1_0.target_temperature,w1_0.room_id,w1_0.id,w1_0.name,w1_0.window_status_id,ws1_0.id,ws1_0.name,ws1_0.sensor_type,ws1_0.sensor_value from sp_room re1_0 join sp_building b1_0 on b1_0.id=re1_0.building_id left join sp_sensor ot1_0 on ot1_0.id=b1_0.outside_temperature_id left join sp_sensor ct1_0 on ct1_0.id=re1_0.current_temperature_id left join sp_heater h1_0 on re1_0.id=h1_0.room_id left join sp_sensor hs1_0 on hs1_0.id=h1_0.heater_status_id left join sp_window w1_0 on re1_0.id=w1_0.room_id left join sp_sensor ws1_0 on ws1_0.id=w1_0.window_status_id where re1_0.id=?
Hibernate: select r1_0.building_id,r1_0.id,ct1_0.id,ct1_0.name,ct1_0.sensor_type,ct1_0.sensor_value,r1_0.floor,h1_0.room_id,h1_0.id,h1_0.heater_status_id,hs1_0.id,hs1_0.name,hs1_0.sensor_type,hs1_0.sensor_value,h1_0.name,h1_0.power,r1_0.name,r1_0.target_temperature,w1_0.room_id,w1_0.id,w1_0.name,w1_0.window_status_id,ws1_0.id,ws1_0.name,ws1_0.sensor_type,ws1_0.sensor_value from sp_room r1_0 left join sp_sensor ct1_0 on ct1_0.id=r1_0.current_temperature_id left join sp_heater h1_0 on r1_0.id=h1_0.room_id left join sp_sensor hs1_0 on hs1_0.id=h1_0.heater_status_id left join sp_window w1_0 on r1_0.id=w1_0.room_id left join sp_sensor ws1_0 on ws1_0.id=w1_0.window_status_id where r1_0.building_id=?
Hibernate: update sp_sensor set sensor_value=? where id in (select he1_0.heater_status_id from sp_heater he1_0 where he1_0.room_id=?)
Hibernate: select he1_0.id,he1_0.heater_status_id,he1_0.name,he1_0.power,he1_0.room_id from sp_heater he1_0 where he1_0.id in (?)
Hibernate: select se1_0.id,se1_0.name,se1_0.sensor_type,se1_0.sensor_value from sp_sensor se1_0 where se1_0.id=?
Hibernate: select re1_0.id,re1_0.building_id,b1_0.id,b1_0.name,ot1_0.id,ot1_0.name,ot1_0.sensor_type,ot1_0.sensor_value,ct1_0.id,ct1_0.name,ct1_0.sensor_type,ct1_0.sensor_value,re1_0.floor,h1_0.room_id,h1_0.id,h1_0.heater_status_id,hs1_0.id,hs1_0.name,hs1_0.sensor_type,hs1_0.sensor_value,h1_0.name,h1_0.power,re1_0.name,re1_0.target_temperature,w1_0.room_id,w1_0.id,w1_0.name,w1_0.window_status_id,ws1_0.id,ws1_0.name,ws1_0.sensor_type,ws1_0.sensor_value from sp_room re1_0 join sp_building b1_0 on b1_0.id=re1_0.building_id left join sp_sensor ot1_0 on ot1_0.id=b1_0.outside_temperature_id left join sp_sensor ct1_0 on ct1_0.id=re1_0.current_temperature_id left join sp_heater h1_0 on re1_0.id=h1_0.room_id left join sp_sensor hs1_0 on hs1_0.id=h1_0.heater_status_id left join sp_window w1_0 on re1_0.id=w1_0.room_id left join sp_sensor ws1_0 on ws1_0.id=w1_0.window_status_id where re1_0.id=?
Hibernate: select r1_0.building_id,r1_0.id,ct1_0.id,ct1_0.name,ct1_0.sensor_type,ct1_0.sensor_value,r1_0.floor,h1_0.room_id,h1_0.id,h1_0.heater_status_id,hs1_0.id,hs1_0.name,hs1_0.sensor_type,hs1_0.sensor_value,h1_0.name,h1_0.power,r1_0.name,r1_0.target_temperature,w1_0.room_id,w1_0.id,w1_0.name,w1_0.window_status_id,ws1_0.id,ws1_0.name,ws1_0.sensor_type,ws1_0.sensor_value from sp_room r1_0 left join sp_sensor ct1_0 on ct1_0.id=r1_0.current_temperature_id left join sp_heater h1_0 on r1_0.id=h1_0.room_id left join sp_sensor hs1_0 on hs1_0.id=h1_0.heater_status_id left join sp_window w1_0 on r1_0.id=w1_0.room_id left join sp_sensor ws1_0 on ws1_0.id=w1_0.window_status_id where r1_0.building_id=?
]]></system-out>
  <system-err><![CDATA[]]></system-err>
</testsuite>
