<?xml version="1.0" encoding="UTF-8"?>
<testsuite name="com.emse.spring.automacorp.dto.SensorMapperTest" tests="1" skipped="0" failures="0" errors="0" timestamp="2024-06-05T14:53:24" hostname="HONOR_CELINE" time="0.004">
  <properties/>
  <testcase name="shouldMapSensor()" classname="com.emse.spring.automacorp.dto.SensorMapperTest" time="0.004"/>
  <system-out><![CDATA[]]></system-out>
  <system-err><![CDATA[]]></system-err>
</testsuite>
