<?xml version="1.0" encoding="UTF-8"?>
<testsuite name="com.emse.spring.automacorp.gouv.AddressSearchServiceTest" tests="1" skipped="0" failures="0" errors="0" timestamp="2024-06-05T14:53:25" hostname="HONOR_CELINE" time="0.234">
  <properties/>
  <testcase name="shouldFindAddresses()" classname="com.emse.spring.automacorp.gouv.AddressSearchServiceTest" time="0.234"/>
  <system-out><![CDATA[2024-06-05T16:53:25.005+02:00  INFO 12200 --- [    Test worker] t.c.s.AnnotationConfigContextLoaderUtils : Could not detect default configuration classes for test class [com.emse.spring.automacorp.gouv.AddressSearchServiceTest]: AddressSearchServiceTest does not declare any static, non-private, non-final, nested classes annotated with @Configuration.
2024-06-05T16:53:25.029+02:00  INFO 12200 --- [    Test worker] .b.t.c.SpringBootTestContextBootstrapper : Found @SpringBootConfiguration com.emse.spring.automacorp.AutomacorpApplication for test class com.emse.spring.automacorp.gouv.AddressSearchServiceTest

  .   ____          _            __ _ _
 /\\ / ___'_ __ _ _(_)_ __  __ _ \ \ \ \
( ( )\___ | '_ | '_| | '_ \/ _` | \ \ \ \
 \\/  ___)| |_)| | | | | || (_| |  ) ) ) )
  '  |____| .__|_| |_|_| |_\__, | / / / /
 =========|_|==============|___/=/_/_/_/
 :: Spring Boot ::                (v3.2.1)

2024-06-05T16:53:25.080+02:00  INFO 12200 --- [    Test worker] c.e.s.a.gouv.AddressSearchServiceTest    : Starting AddressSearchServiceTest using Java 17.0.8.1 with PID 12200 (started by celni in D:\cours\2A\programmation_web_mobile_et_embarquee\final_assignment\automacorp_backend_Celine)
2024-06-05T16:53:25.080+02:00  INFO 12200 --- [    Test worker] c.e.s.a.gouv.AddressSearchServiceTest    : No active profile set, falling back to 1 default profile: "default"
2024-06-05T16:53:25.295+02:00  INFO 12200 --- [    Test worker] c.e.s.a.gouv.AddressSearchServiceTest    : Started AddressSearchServiceTest in 0.261 seconds (process running for 12.494)
]]></system-out>
  <system-err><![CDATA[]]></system-err>
</testsuite>
