<?xml version="1.0" encoding="UTF-8"?>
<testsuite name="com.emse.spring.automacorp.hello.DummyUserServiceTest" tests="1" skipped="0" failures="0" errors="0" timestamp="2024-06-05T14:53:25" hostname="HONOR_CELINE" time="0.017">
  <properties/>
  <testcase name="testGreetingAll(CapturedOutput)" classname="com.emse.spring.automacorp.hello.DummyUserServiceTest" time="0.017"/>
  <system-out><![CDATA[Hello, Elodie!
Hello, Charles!
]]></system-out>
  <system-err><![CDATA[]]></system-err>
</testsuite>
